* TEST: gtk.test.start has been invoked.
** Running: test_string_upper?
Passed.
** Summary
*** Passed
1 test(s) passed.
**** :test_string_upper?
*** Inconclusive
0 test(s) inconclusive.
*** Failed
0 test(s) failed.
* TEST: gtk.test.start has been invoked.
** Running: test_string_upper?
Passed.
** Summary
*** Passed
1 test(s) passed.
**** :test_string_upper?
*** Inconclusive
0 test(s) inconclusive.
*** Failed
0 test(s) failed.
* TEST: gtk.test.start has been invoked.
** Running: test_string_upper?
Passed.
** Summary
*** Passed
1 test(s) passed.
**** :test_string_upper?
*** Inconclusive
0 test(s) inconclusive.
*** Failed
0 test(s) failed.
* TEST: gtk.test.start has been invoked.
** Running: test_string_upper?
Passed.
** Summary
*** Passed
1 test(s) passed.
**** :test_string_upper?
*** Inconclusive
0 test(s) inconclusive.
*** Failed
0 test(s) failed.
* TEST: gtk.test.start has been invoked.
** Running: test_string_upper?
Passed.
** Summary
*** Passed
1 test(s) passed.
**** :test_string_upper?
*** Inconclusive
0 test(s) inconclusive.
*** Failed
0 test(s) failed.
* TEST: gtk.test.start has been invoked.
** Running: test_string_upper?
Passed.
** Summary
*** Passed
1 test(s) passed.
**** :test_string_upper?
*** Inconclusive
0 test(s) inconclusive.
*** Failed
0 test(s) failed.
